<?xml version="1.0" encoding="UTF-8"?>
<!-- Generated by org.testng.reporters.JUnitReportReporter -->
<testsuite skipped="0" hostname="LIN35004766" name="test.day1" tests="1" failures="0" timestamp="21 Mar 2019 10:13:48 GMT" time="0.005" errors="0">
  <testcase name="demo2" time="0.005" classname="test.day1"/>
</testsuite> <!-- test.day1 -->
