<?xml version="1.0" encoding="UTF-8"?>
<!-- Generated by org.testng.reporters.JUnitReportReporter -->
<testsuite skipped="0" hostname="LIN35004766" name="test.day1" tests="1" failures="0" timestamp="06 Feb 2019 03:22:13 GMT" time="0.009" errors="0">
  <testcase name="demo2" time="0.009" classname="test.day1"/>
</testsuite> <!-- test.day1 -->
