<?xml version="1.0" encoding="UTF-8"?>
<!-- Generated by org.testng.reporters.JUnitReportReporter -->
<testsuite skipped="0" hostname="LIN35004766" name="second.assignment.KatalonTest" tests="1" failures="0" timestamp="28 Apr 2019 03:47:41 GMT" time="33.573" errors="0">
  <testcase name="testMakemytrip" time="33.573" classname="second.assignment.KatalonTest"/>
</testsuite> <!-- second.assignment.KatalonTest -->
