<?xml version="1.0" encoding="UTF-8"?>
<!-- Generated by org.testng.reporters.JUnitReportReporter -->
<testsuite skipped="0" hostname="LIN35004766" name="TestCases.loginapplication" tests="1" failures="0" timestamp="18 Jan 2019 02:58:25 GMT" time="34.618" errors="0">
  <testcase name="Login" time="34.618" classname="TestCases.loginapplication"/>
</testsuite> <!-- TestCases.loginapplication -->
