<?xml version="1.0" encoding="UTF-8"?>
<!-- Generated by org.testng.reporters.JUnitReportReporter -->
<testsuite skipped="0" hostname="LIN35004766" name="TestCases.loginapplication" tests="1" failures="0" timestamp="06 May 2019 07:37:01 GMT" time="10.260" errors="0">
  <testcase name="Login" time="10.260" classname="TestCases.loginapplication"/>
</testsuite> <!-- TestCases.loginapplication -->
