<?xml version="1.0" encoding="UTF-8"?>
<!-- Generated by org.testng.reporters.JUnitReportReporter -->
<testsuite skipped="0" hostname="LIN35004766" name="TestCases.wordpressTC" tests="1" failures="0" timestamp="18 Jan 2019 07:40:53 GMT" time="23.867" errors="0">
  <testcase name="login" time="23.867" classname="TestCases.wordpressTC"/>
</testsuite> <!-- TestCases.wordpressTC -->
